<?xml version="1.0" encoding="UTF-8"?>
<coverage generated="1772891376380" clover="3.2.0">
  <project timestamp="1772891376381" name="All files">
    <metrics statements="55" coveredstatements="55" conditionals="12" coveredconditionals="11" methods="7" coveredmethods="7" elements="74" coveredelements="73" complexity="0" loc="55" ncloc="55" packages="1" files="1" classes="1"/>
    <file name="FreighterContext.tsx" path="C:\Users\EMMA\Desktop\aegisfrontend\frontend\contexts\FreighterContext.tsx">
      <metrics statements="55" coveredstatements="55" conditionals="12" coveredconditionals="11" methods="7" coveredmethods="7"/>
      <line num="3" count="1" type="stmt"/>
      <line num="8" count="1" type="stmt"/>
      <line num="14" count="1" type="stmt"/>
      <line num="16" count="1" type="stmt"/>
      <line num="69" count="1" type="stmt"/>
      <line num="75" count="14" type="stmt"/>
      <line num="77" count="45" type="stmt"/>
      <line num="78" count="45" type="stmt"/>
      <line num="79" count="45" type="stmt"/>
      <line num="80" count="45" type="stmt"/>
      <line num="81" count="45" type="stmt"/>
      <line num="84" count="45" type="stmt"/>
      <line num="85" count="9" type="stmt"/>
      <line num="86" count="9" type="stmt"/>
      <line num="88" count="9" type="stmt"/>
      <line num="90" count="9" type="stmt"/>
      <line num="91" count="9" type="cond" truecount="2" falsecount="0"/>
      <line num="92" count="2" type="stmt"/>
      <line num="96" count="7" type="stmt"/>
      <line num="99" count="4" type="stmt"/>
      <line num="102" count="4" type="stmt"/>
      <line num="103" count="4" type="stmt"/>
      <line num="106" count="4" type="stmt"/>
      <line num="108" count="5" type="cond" truecount="1" falsecount="1"/>
      <line num="109" count="5" type="stmt"/>
      <line num="110" count="5" type="stmt"/>
      <line num="112" count="9" type="stmt"/>
      <line num="117" count="45" type="stmt"/>
      <line num="118" count="1" type="stmt"/>
      <line num="119" count="1" type="stmt"/>
      <line num="120" count="1" type="stmt"/>
      <line num="121" count="1" type="stmt"/>
      <line num="125" count="45" type="stmt"/>
      <line num="126" count="14" type="stmt"/>
      <line num="127" count="14" type="stmt"/>
      <line num="129" count="14" type="stmt"/>
      <line num="130" count="14" type="stmt"/>
      <line num="132" count="14" type="cond" truecount="2" falsecount="0"/>
      <line num="135" count="10" type="stmt"/>
      <line num="136" count="10" type="cond" truecount="2" falsecount="0"/>
      <line num="139" count="3" type="stmt"/>
      <line num="141" count="2" type="cond" truecount="2" falsecount="0"/>
      <line num="143" count="1" type="stmt"/>
      <line num="144" count="1" type="stmt"/>
      <line num="147" count="1" type="stmt"/>
      <line num="151" count="1" type="stmt"/>
      <line num="152" count="1" type="stmt"/>
      <line num="156" count="14" type="stmt"/>
      <line num="160" count="45" type="stmt"/>
      <line num="161" count="43" type="stmt"/>
      <line num="188" count="45" type="stmt"/>
      <line num="189" count="45" type="stmt"/>
      <line num="191" count="44" type="cond" truecount="2" falsecount="0"/>
      <line num="192" count="2" type="stmt"/>
      <line num="195" count="42" type="stmt"/>
    </file>
  </project>
</coverage>
