{"C:\\Users\\EMMA\\Desktop\\aegisfrontend\\frontend\\contexts\\FreighterContext.tsx": {"path":"C:\\Users\\EMMA\\Desktop\\aegisfrontend\\frontend\\contexts\\FreighterContext.tsx","statementMap":{"0":{"start":{"line":75,"column":16},"end":{"line":75,"column":34}},"1":{"start":{"line":188,"column":16},"end":{"line":188,"column":null}},"2":{"start":{"line":3,"column":103},"end":{"line":3,"column":null}},"3":{"start":{"line":8,"column":7},"end":{"line":8,"column":null}},"4":{"start":{"line":14,"column":20},"end":{"line":14,"column":null}},"5":{"start":{"line":16,"column":23},"end":{"line":21,"column":null}},"6":{"start":{"line":69,"column":25},"end":{"line":69,"column":null}},"7":{"start":{"line":77,"column":32},"end":{"line":77,"column":null}},"8":{"start":{"line":78,"column":40},"end":{"line":78,"column":null}},"9":{"start":{"line":79,"column":40},"end":{"line":79,"column":null}},"10":{"start":{"line":80,"column":28},"end":{"line":80,"column":null}},"11":{"start":{"line":81,"column":36},"end":{"line":81,"column":null}},"12":{"start":{"line":84,"column":18},"end":{"line":114,"column":null}},"13":{"start":{"line":85,"column":4},"end":{"line":85,"column":null}},"14":{"start":{"line":86,"column":4},"end":{"line":86,"column":null}},"15":{"start":{"line":88,"column":4},"end":{"line":113,"column":null}},"16":{"start":{"line":90,"column":24},"end":{"line":90,"column":null}},"17":{"start":{"line":91,"column":6},"end":{"line":93,"column":null}},"18":{"start":{"line":92,"column":8},"end":{"line":92,"column":null}},"19":{"start":{"line":96,"column":6},"end":{"line":96,"column":null}},"20":{"start":{"line":99,"column":24},"end":{"line":99,"column":null}},"21":{"start":{"line":102,"column":6},"end":{"line":102,"column":null}},"22":{"start":{"line":103,"column":6},"end":{"line":103,"column":null}},"23":{"start":{"line":106,"column":6},"end":{"line":106,"column":null}},"24":{"start":{"line":108,"column":27},"end":{"line":108,"column":86}},"25":{"start":{"line":109,"column":6},"end":{"line":109,"column":null}},"26":{"start":{"line":110,"column":6},"end":{"line":110,"column":null}},"27":{"start":{"line":112,"column":6},"end":{"line":112,"column":null}},"28":{"start":{"line":117,"column":21},"end":{"line":122,"column":null}},"29":{"start":{"line":118,"column":4},"end":{"line":118,"column":null}},"30":{"start":{"line":119,"column":4},"end":{"line":119,"column":null}},"31":{"start":{"line":120,"column":4},"end":{"line":120,"column":null}},"32":{"start":{"line":121,"column":4},"end":{"line":121,"column":null}},"33":{"start":{"line":125,"column":2},"end":{"line":157,"column":null}},"34":{"start":{"line":126,"column":23},"end":{"line":154,"column":null}},"35":{"start":{"line":127,"column":6},"end":{"line":153,"column":null}},"36":{"start":{"line":129,"column":26},"end":{"line":129,"column":null}},"37":{"start":{"line":130,"column":8},"end":{"line":130,"column":null}},"38":{"start":{"line":132,"column":8},"end":{"line":132,"column":null}},"39":{"start":{"line":132,"column":24},"end":{"line":132,"column":null}},"40":{"start":{"line":135,"column":30},"end":{"line":135,"column":null}},"41":{"start":{"line":136,"column":8},"end":{"line":136,"column":null}},"42":{"start":{"line":136,"column":28},"end":{"line":136,"column":null}},"43":{"start":{"line":139,"column":27},"end":{"line":139,"column":null}},"44":{"start":{"line":141,"column":8},"end":{"line":148,"column":null}},"45":{"start":{"line":143,"column":10},"end":{"line":143,"column":null}},"46":{"start":{"line":144,"column":10},"end":{"line":144,"column":null}},"47":{"start":{"line":147,"column":10},"end":{"line":147,"column":null}},"48":{"start":{"line":151,"column":8},"end":{"line":151,"column":null}},"49":{"start":{"line":152,"column":8},"end":{"line":152,"column":null}},"50":{"start":{"line":156,"column":4},"end":{"line":156,"column":null}},"51":{"start":{"line":160,"column":16},"end":{"line":170,"column":null}},"52":{"start":{"line":161,"column":11},"end":{"line":169,"column":null}},"53":{"start":{"line":189,"column":18},"end":{"line":189,"column":null}},"54":{"start":{"line":191,"column":2},"end":{"line":193,"column":null}},"55":{"start":{"line":192,"column":4},"end":{"line":192,"column":null}},"56":{"start":{"line":195,"column":2},"end":{"line":195,"column":null}}},"fnMap":{"0":{"name":"FreighterProvider","decl":{"start":{"line":75,"column":16},"end":{"line":75,"column":34}},"loc":{"start":{"line":75,"column":70},"end":{"line":178,"column":null}}},"1":{"name":"(anonymous_7)","decl":{"start":{"line":84,"column":30},"end":{"line":84,"column":null}},"loc":{"start":{"line":84,"column":30},"end":{"line":114,"column":5}}},"2":{"name":"(anonymous_8)","decl":{"start":{"line":117,"column":33},"end":{"line":117,"column":null}},"loc":{"start":{"line":117,"column":33},"end":{"line":122,"column":5}}},"3":{"name":"(anonymous_9)","decl":{"start":{"line":125,"column":12},"end":{"line":125,"column":null}},"loc":{"start":{"line":125,"column":12},"end":{"line":157,"column":5}}},"4":{"name":"(anonymous_10)","decl":{"start":{"line":126,"column":23},"end":{"line":126,"column":null}},"loc":{"start":{"line":126,"column":23},"end":{"line":154,"column":null}}},"5":{"name":"(anonymous_11)","decl":{"start":{"line":161,"column":4},"end":{"line":161,"column":11}},"loc":{"start":{"line":161,"column":11},"end":{"line":169,"column":null}}},"6":{"name":"useFreighter","decl":{"start":{"line":188,"column":16},"end":{"line":188,"column":null}},"loc":{"start":{"line":188,"column":16},"end":{"line":196,"column":null}}}},"branchMap":{"0":{"loc":{"start":{"line":91,"column":6},"end":{"line":93,"column":null}},"type":"if","locations":[{"start":{"line":91,"column":6},"end":{"line":93,"column":null}},{"start":{},"end":{}}]},"1":{"loc":{"start":{"line":108,"column":27},"end":{"line":108,"column":86}},"type":"cond-expr","locations":[{"start":{"line":108,"column":50},"end":{"line":108,"column":61}},{"start":{"line":108,"column":64},"end":{"line":108,"column":86}}]},"2":{"loc":{"start":{"line":132,"column":8},"end":{"line":132,"column":null}},"type":"if","locations":[{"start":{"line":132,"column":8},"end":{"line":132,"column":null}},{"start":{},"end":{}}]},"3":{"loc":{"start":{"line":136,"column":8},"end":{"line":136,"column":null}},"type":"if","locations":[{"start":{"line":136,"column":8},"end":{"line":136,"column":null}},{"start":{},"end":{}}]},"4":{"loc":{"start":{"line":141,"column":8},"end":{"line":148,"column":null}},"type":"if","locations":[{"start":{"line":141,"column":8},"end":{"line":148,"column":null}},{"start":{"line":145,"column":15},"end":{"line":148,"column":null}}]},"5":{"loc":{"start":{"line":191,"column":2},"end":{"line":193,"column":null}},"type":"if","locations":[{"start":{"line":191,"column":2},"end":{"line":193,"column":null}},{"start":{},"end":{}}]}},"s":{"0":14,"1":45,"2":1,"3":1,"4":1,"5":1,"6":1,"7":45,"8":45,"9":45,"10":45,"11":45,"12":45,"13":9,"14":9,"15":9,"16":9,"17":9,"18":2,"19":7,"20":4,"21":4,"22":4,"23":4,"24":5,"25":5,"26":5,"27":9,"28":45,"29":1,"30":1,"31":1,"32":1,"33":45,"34":14,"35":14,"36":14,"37":14,"38":14,"39":4,"40":10,"41":10,"42":7,"43":3,"44":2,"45":1,"46":1,"47":1,"48":1,"49":1,"50":14,"51":45,"52":43,"53":45,"54":44,"55":2,"56":42},"f":{"0":45,"1":9,"2":1,"3":14,"4":14,"5":43,"6":45},"b":{"0":[2,7],"1":[5,0],"2":[4,10],"3":[7,3],"4":[1,1],"5":[2,42]}}
}
