TN:
SF:contexts\FreighterContext.tsx
FN:75,FreighterProvider
FN:84,(anonymous_7)
FN:117,(anonymous_8)
FN:125,(anonymous_9)
FN:126,(anonymous_10)
FN:161,(anonymous_11)
FN:188,useFreighter
FNF:7
FNH:7
FNDA:45,FreighterProvider
FNDA:9,(anonymous_7)
FNDA:1,(anonymous_8)
FNDA:14,(anonymous_9)
FNDA:14,(anonymous_10)
FNDA:43,(anonymous_11)
FNDA:45,useFreighter
DA:3,1
DA:8,1
DA:14,1
DA:16,1
DA:69,1
DA:75,14
DA:77,45
DA:78,45
DA:79,45
DA:80,45
DA:81,45
DA:84,45
DA:85,9
DA:86,9
DA:88,9
DA:90,9
DA:91,9
DA:92,2
DA:96,7
DA:99,4
DA:102,4
DA:103,4
DA:106,4
DA:108,5
DA:109,5
DA:110,5
DA:112,9
DA:117,45
DA:118,1
DA:119,1
DA:120,1
DA:121,1
DA:125,45
DA:126,14
DA:127,14
DA:129,14
DA:130,14
DA:132,14
DA:135,10
DA:136,10
DA:139,3
DA:141,2
DA:143,1
DA:144,1
DA:147,1
DA:151,1
DA:152,1
DA:156,14
DA:160,45
DA:161,43
DA:188,45
DA:189,45
DA:191,44
DA:192,2
DA:195,42
LF:55
LH:55
BRDA:91,0,0,2
BRDA:91,0,1,7
BRDA:108,1,0,5
BRDA:108,1,1,0
BRDA:132,2,0,4
BRDA:132,2,1,10
BRDA:136,3,0,7
BRDA:136,3,1,3
BRDA:141,4,0,1
BRDA:141,4,1,1
BRDA:191,5,0,2
BRDA:191,5,1,42
BRF:12
BRH:11
end_of_record
